Command line invocation:
    /Applications/Xcode.app/Contents/Developer/usr/bin/xcodebuild clean build

Resolve Package Graph


Resolved source packages:
  Firebase: https://github.com/firebase/firebase-ios-sdk @ 12.0.0
  SwiftProtobuf: https://github.com/apple/swift-protobuf.git @ 1.30.0
  GoogleDataTransport: https://github.com/google/GoogleDataTransport.git @ 10.1.0
  xctest-dynamic-overlay: https://github.com/pointfreeco/xctest-dynamic-overlay @ 1.5.2
  GoogleAppMeasurement: https://github.com/google/GoogleAppMeasurement.git @ 12.0.0
  Supabase: https://github.com/supabase-community/supabase-swift @ 2.30.1
  gRPC: https://github.com/google/grpc-binary.git @ 1.69.0
  InteropForGoogle: https://github.com/google/interop-ios-for-google-sdks.git @ 101.0.0
  GTMSessionFetcher: https://github.com/google/gtm-session-fetcher.git @ 5.0.0
  Promises: https://github.com/google/promises.git @ 2.4.0
  swift-concurrency-extras: https://github.com/pointfreeco/swift-concurrency-extras @ 1.3.1
  nanopb: https://github.com/firebase/nanopb.git @ 2.30910.0
  GoogleAdsOnDeviceConversion: https://github.com/googleads/google-ads-on-device-conversion-ios-sdk @ 2.1.0
  swift-crypto: https://github.com/apple/swift-crypto.git @ 3.12.3
  swift-clocks: https://github.com/pointfreeco/swift-clocks @ 1.0.6
  leveldb: https://github.com/firebase/leveldb.git @ 1.22.5
  AppCheck: https://github.com/google/app-check.git @ 11.2.0
  swift-http-types: https://github.com/apple/swift-http-types.git @ 1.4.0
  GoogleUtilities: https://github.com/google/GoogleUtilities.git @ 8.1.0
  swift-asn1: https://github.com/apple/swift-asn1.git @ 1.4.0
  abseil: https://github.com/google/abseil-cpp-binary.git @ 1.2024072200.0

ComputePackagePrebuildTargetDependencyGraph

CreateBuildRequest

SendProjectDescription

CreateBuildOperation

error: Could not delete `/Users/keonta/Library/Developer/Xcode/DerivedData/GOLDEX_AI-gsiylemkiinhfbctpmefkkodbqmv/SourcePackages/checkouts/nanopb/build` because it was not created by the build system.
    note: To mark this directory as deletable by the build system, run `xattr -w com.apple.xcode.CreatedByBuildSystem true /Users/keonta/Library/Developer/Xcode/DerivedData/GOLDEX_AI-gsiylemkiinhfbctpmefkkodbqmv/SourcePackages/checkouts/nanopb/build` when it is created.
ComputePackagePrebuildTargetDependencyGraph

Prepare packages

CreateBuildRequest

SendProjectDescription

CreateBuildOperation

ComputeTargetDependencyGraph
note: Building targets in dependency order
note: Target dependency graph (122 targets)
    Target 'GOLDEX AI' in project 'GOLDEX AI'
        ➜ Explicit dependency on target 'Storage' in project 'Supabase'
        ➜ Explicit dependency on target 'FirebaseAnalytics' in project 'Firebase'
        ➜ Explicit dependency on target 'FirebaseAuth' in project 'Firebase'
        ➜ Explicit dependency on target 'FirebaseCrashlytics' in project 'Firebase'
        ➜ Explicit dependency on target 'Functions' in project 'Supabase'
        ➜ Explicit dependency on target 'PostgREST' in project 'Supabase'
        ➜ Explicit dependency on target 'FirebaseCore' in project 'Firebase'
        ➜ Explicit dependency on target 'FirebaseStorage' in project 'Firebase'
        ➜ Explicit dependency on target 'FirebaseAI' in project 'Firebase'
        ➜ Explicit dependency on target 'Auth' in project 'Supabase'
        ➜ Explicit dependency on target 'FirebaseFirestore' in project 'Firebase'
        ➜ Explicit dependency on target 'Realtime' in project 'Supabase'
        ➜ Explicit dependency on target 'Supabase' in project 'Supabase'
    Target 'Supabase' in project 'Supabase'
        ➜ Explicit dependency on target 'Supabase' in project 'Supabase'
        ➜ Explicit dependency on target 'Functions' in project 'Supabase'
        ➜ Explicit dependency on target 'PostgREST' in project 'Supabase'
        ➜ Explicit dependency on target 'Auth' in project 'Supabase'
        ➜ Explicit dependency on target 'Realtime' in project 'Supabase'
        ➜ Explicit dependency on target 'Storage' in project 'Supabase'
        ➜ Explicit dependency on target 'Helpers' in project 'Supabase'
        ➜ Explicit dependency on target 'ConcurrencyExtras' in project 'swift-concurrency-extras'
        ➜ Explicit dependency on target 'HTTPTypes' in project 'swift-http-types'
        ➜ Explicit dependency on target 'Clocks' in project 'swift-clocks'
        ➜ Explicit dependency on target 'XCTestDynamicOverlay' in project 'xctest-dynamic-overlay'
        ➜ Explicit dependency on target 'Crypto' in project 'swift-crypto'
        ➜ Explicit dependency on target 'IssueReporting' in project 'xctest-dynamic-overlay'
    Target 'Supabase' in project 'Supabase'
        ➜ Explicit dependency on target 'Helpers' in project 'Supabase'
        ➜ Explicit dependency on target 'Auth' in project 'Supabase'
        ➜ Explicit dependency on target 'Functions' in project 'Supabase'
        ➜ Explicit dependency on target 'PostgREST' in project 'Supabase'
        ➜ Explicit dependency on target 'Realtime' in project 'Supabase'
        ➜ Explicit dependency on target 'Storage' in project 'Supabase'
        ➜ Explicit dependency on target 'ConcurrencyExtras' in project 'swift-concurrency-extras'
        ➜ Explicit dependency on target 'HTTPTypes' in project 'swift-http-types'
        ➜ Explicit dependency on target 'Clocks' in project 'swift-clocks'
        ➜ Explicit dependency on target 'XCTestDynamicOverlay' in project 'xctest-dynamic-overlay'
        ➜ Explicit dependency on target 'Crypto' in project 'swift-crypto'
        ➜ Explicit dependency on target 'IssueReporting' in project 'xctest-dynamic-overlay'
    Target 'Realtime' in project 'Supabase'
        ➜ Explicit dependency on target 'Realtime' in project 'Supabase'
        ➜ Explicit dependency on target 'Helpers' in project 'Supabase'
        ➜ Explicit dependency on target 'ConcurrencyExtras' in project 'swift-concurrency-extras'
        ➜ Explicit dependency on target 'HTTPTypes' in project 'swift-http-types'
        ➜ Explicit dependency on target 'Clocks' in project 'swift-clocks'
        ➜ Explicit dependency on target 'XCTestDynamicOverlay' in project 'xctest-dynamic-overlay'
        ➜ Explicit dependency on target 'IssueReporting' in project 'xctest-dynamic-overlay'
    Target 'Realtime' in project 'Supabase'
        ➜ Explicit dependency on target 'Helpers' in project 'Supabase'
        ➜ Explicit dependency on target 'ConcurrencyExtras' in project 'swift-concurrency-extras'
        ➜ Explicit dependency on target 'HTTPTypes' in project 'swift-http-types'
        ➜ Explicit dependency on target 'Clocks' in project 'swift-clocks'
        ➜ Explicit dependency on target 'XCTestDynamicOverlay' in project 'xctest-dynamic-overlay'
        ➜ Explicit dependency on target 'IssueReporting' in project 'xctest-dynamic-overlay'
    Target 'FirebaseFirestore' in project 'Firebase'
        ➜ Explicit dependency on target 'FirebaseFirestoreTarget' in project 'Firebase'
        ➜ Explicit dependency on target 'FirebaseFirestoreInternalWrapper' in project 'Firebase'
        ➜ Explicit dependency on target 'FirebaseAppCheckInterop' in project 'Firebase'
        ➜ Explicit dependency on target 'Firebase' in project 'Firebase'
        ➜ Explicit dependency on target 'FirebaseCoreInternal' in project 'Firebase'
        ➜ Explicit dependency on target 'FirebaseCore' in project 'Firebase'
        ➜ Explicit dependency on target 'FirebaseCoreExtension' in project 'Firebase'
        ➜ Explicit dependency on target 'FirebaseSharedSwift' in project 'Firebase'
        ➜ Explicit dependency on target 'FirebaseFirestore' in project 'Firebase'
        ➜ Explicit dependency on target 'GULNSData' in project 'GoogleUtilities'
        ➜ Explicit dependency on target 'GULEnvironment' in project 'GoogleUtilities'
        ➜ Explicit dependency on target 'GULLogger' in project 'GoogleUtilities'
        ➜ Explicit dependency on target 'abseil' in project 'abseil'
        ➜ Explicit dependency on target 'gRPC-C++' in project 'gRPC'
        ➜ Explicit dependency on target 'nanopb' in project 'nanopb'
        ➜ Explicit dependency on target 'leveldb' in project 'leveldb'
    Target 'FirebaseFirestoreTarget' in project 'Firebase'
        ➜ Explicit dependency on target 'FirebaseFirestoreInternalWrapper' in project 'Firebase'
        ➜ Explicit dependency on target 'FirebaseAppCheckInterop' in project 'Firebase'
        ➜ Explicit dependency on target 'Firebase' in project 'Firebase'
        ➜ Explicit dependency on target 'FirebaseCoreInternal' in project 'Firebase'
        ➜ Explicit dependency on target 'FirebaseCore' in project 'Firebase'
        ➜ Explicit dependency on target 'FirebaseCoreExtension' in project 'Firebase'
        ➜ Explicit dependency on target 'FirebaseSharedSwift' in project 'Firebase'
        ➜ Explicit dependency on target 'FirebaseFirestore' in project 'Firebase'
        ➜ Explicit dependency on target 'GULNSData' in project 'GoogleUtilities'
        ➜ Explicit dependency on target 'GULEnvironment' in project 'GoogleUtilities'
        ➜ Explicit dependency on target 'GULLogger' in project 'GoogleUtilities'
        ➜ Explicit dependency on target 'abseil' in project 'abseil'
        ➜ Explicit dependency on target 'gRPC-C++' in project 'gRPC'
        ➜ Explicit dependency on target 'nanopb' in project 'nanopb'
        ➜ Explicit dependency on target 'leveldb' in project 'leveldb'
    Target 'FirebaseFirestore' in project 'Firebase'
        ➜ Explicit dependency on target 'Firebase_FirebaseFirestore' in project 'Firebase'
        ➜ Explicit dependency on target 'FirebaseFirestoreInternalWrapper' in project 'Firebase'
        ➜ Explicit dependency on target 'FirebaseAppCheckInterop' in project 'Firebase'
        ➜ Explicit dependency on target 'Firebase' in project 'Firebase'
        ➜ Explicit dependency on target 'FirebaseCoreInternal' in project 'Firebase'
        ➜ Explicit dependency on target 'FirebaseCore' in project 'Firebase'
        ➜ Explicit dependency on target 'FirebaseCoreExtension' in project 'Firebase'
        ➜ Explicit dependency on target 'FirebaseSharedSwift' in project 'Firebase'
        ➜ Explicit dependency on target 'GULNSData' in project 'GoogleUtilities'
        ➜ Explicit dependency on target 'GULEnvironment' in project 'GoogleUtilities'
        ➜ Explicit dependency on target 'GULLogger' in project 'GoogleUtilities'
        ➜ Explicit dependency on target 'abseil' in project 'abseil'
        ➜ Explicit dependency on target 'gRPC-C++' in project 'gRPC'
        ➜ Explicit dependency on target 'nanopb' in project 'nanopb'
        ➜ Explicit dependency on target 'leveldb' in project 'leveldb'
    Target 'leveldb' in project 'leveldb'
        ➜ Explicit dependency on target 'leveldb' in project 'leveldb'
        ➜ Explicit dependency on target 'leveldb_leveldb' in project 'leveldb'
    Target 'leveldb' in project 'leveldb'
        ➜ Explicit dependency on target 'leveldb_leveldb' in project 'leveldb'
    Target 'leveldb_leveldb' in project 'leveldb' (no dependencies)
    Target 'gRPC-C++' in project 'gRPC'
        ➜ Explicit dependency on target 'grpcppWrapper' in project 'gRPC'
        ➜ Explicit dependency on target 'gRPC_grpcppWrapper' in project 'gRPC'
        ➜ Explicit dependency on target 'grpcWrapper' in project 'gRPC'
        ➜ Explicit dependency on target 'opensslWrapper' in project 'gRPC'
        ➜ Explicit dependency on target 'abseil' in project 'abseil'
    Target 'grpcppWrapper' in project 'gRPC'
        ➜ Explicit dependency on target 'gRPC_grpcppWrapper' in project 'gRPC'
        ➜ Explicit dependency on target 'grpcWrapper' in project 'gRPC'
        ➜ Explicit dependency on target 'opensslWrapper' in project 'gRPC'
        ➜ Explicit dependency on target 'abseil' in project 'abseil'
    Target 'opensslWrapper' in project 'gRPC'
        ➜ Explicit dependency on target 'gRPC_opensslWrapper' in project 'gRPC'
    Target 'gRPC_opensslWrapper' in project 'gRPC' (no dependencies)
    Target 'grpcWrapper' in project 'gRPC'
        ➜ Explicit dependency on target 'gRPC_grpcWrapper' in project 'gRPC'
    Target 'gRPC_grpcWrapper' in project 'gRPC' (no dependencies)
    Target 'gRPC_grpcppWrapper' in project 'gRPC' (no dependencies)
    Target 'abseil' in project 'abseil'
        ➜ Explicit dependency on target 'abslWrapper' in project 'abseil'
        ➜ Explicit dependency on target 'abseil_abslWrapper' in project 'abseil'
    Target 'abslWrapper' in project 'abseil'
        ➜ Explicit dependency on target 'abseil_abslWrapper' in project 'abseil'
    Target 'abseil_abslWrapper' in project 'abseil' (no dependencies)
    Target 'Firebase_FirebaseFirestore' in project 'Firebase' (no dependencies)
    Target 'FirebaseSharedSwift' in project 'Firebase' (no dependencies)
    Target 'FirebaseFirestoreInternalWrapper' in project 'Firebase' (no dependencies)
    Target 'Auth' in project 'Supabase'
        ➜ Explicit dependency on target 'Auth' in project 'Supabase'
        ➜ Explicit dependency on target 'Helpers' in project 'Supabase'
        ➜ Explicit dependency on target 'ConcurrencyExtras' in project 'swift-concurrency-extras'
        ➜ Explicit dependency on target 'HTTPTypes' in project 'swift-http-types'
        ➜ Explicit dependency on target 'Clocks' in project 'swift-clocks'
        ➜ Explicit dependency on target 'XCTestDynamicOverlay' in project 'xctest-dynamic-overlay'
        ➜ Explicit dependency on target 'Crypto' in project 'swift-crypto'
    Target 'Auth' in project 'Supabase'
        ➜ Explicit dependency on target 'Helpers' in project 'Supabase'
        ➜ Explicit dependency on target 'ConcurrencyExtras' in project 'swift-concurrency-extras'
        ➜ Explicit dependency on target 'HTTPTypes' in project 'swift-http-types'
        ➜ Explicit dependency on target 'Clocks' in project 'swift-clocks'
        ➜ Explicit dependency on target 'XCTestDynamicOverlay' in project 'xctest-dynamic-overlay'
        ➜ Explicit dependency on target 'Crypto' in project 'swift-crypto'
    Target 'Crypto' in project 'swift-crypto'
        ➜ Explicit dependency on target 'Crypto' in project 'swift-crypto'
        ➜ Explicit dependency on target 'swift-crypto_Crypto' in project 'swift-crypto'
    Target 'Crypto' in project 'swift-crypto'
        ➜ Explicit dependency on target 'swift-crypto_Crypto' in project 'swift-crypto'
    Target 'swift-crypto_Crypto' in project 'swift-crypto' (no dependencies)
    Target 'FirebaseAI' in project 'Firebase'
        ➜ Explicit dependency on target 'FirebaseAI' in project 'Firebase'
        ➜ Explicit dependency on target 'FirebaseAppCheckInterop' in project 'Firebase'
        ➜ Explicit dependency on target 'FirebaseAuthInterop' in project 'Firebase'
        ➜ Explicit dependency on target 'Firebase' in project 'Firebase'
        ➜ Explicit dependency on target 'FirebaseCoreInternal' in project 'Firebase'
        ➜ Explicit dependency on target 'FirebaseCore' in project 'Firebase'
        ➜ Explicit dependency on target 'FirebaseCoreExtension' in project 'Firebase'
        ➜ Explicit dependency on target 'GULNSData' in project 'GoogleUtilities'
        ➜ Explicit dependency on target 'GULEnvironment' in project 'GoogleUtilities'
        ➜ Explicit dependency on target 'GULLogger' in project 'GoogleUtilities'
    Target 'FirebaseAI' in project 'Firebase'
        ➜ Explicit dependency on target 'FirebaseAppCheckInterop' in project 'Firebase'
        ➜ Explicit dependency on target 'FirebaseAuthInterop' in project 'Firebase'
        ➜ Explicit dependency on target 'Firebase' in project 'Firebase'
        ➜ Explicit dependency on target 'FirebaseCoreInternal' in project 'Firebase'
        ➜ Explicit dependency on target 'FirebaseCore' in project 'Firebase'
        ➜ Explicit dependency on target 'FirebaseCoreExtension' in project 'Firebase'
        ➜ Explicit dependency on target 'GULNSData' in project 'GoogleUtilities'
        ➜ Explicit dependency on target 'GULEnvironment' in project 'GoogleUtilities'
        ➜ Explicit dependency on target 'GULLogger' in project 'GoogleUtilities'
    Target 'FirebaseStorage' in project 'Firebase'
        ➜ Explicit dependency on target 'FirebaseStorage' in project 'Firebase'
        ➜ Explicit dependency on target 'FirebaseAppCheckInterop' in project 'Firebase'
        ➜ Explicit dependency on target 'FirebaseAuthInterop' in project 'Firebase'
        ➜ Explicit dependency on target 'Firebase' in project 'Firebase'
        ➜ Explicit dependency on target 'FirebaseCoreInternal' in project 'Firebase'
        ➜ Explicit dependency on target 'FirebaseCore' in project 'Firebase'
        ➜ Explicit dependency on target 'FirebaseCoreExtension' in project 'Firebase'
        ➜ Explicit dependency on target 'GULNSData' in project 'GoogleUtilities'
        ➜ Explicit dependency on target 'GULEnvironment' in project 'GoogleUtilities'
        ➜ Explicit dependency on target 'GULLogger' in project 'GoogleUtilities'
        ➜ Explicit dependency on target 'GTMSessionFetcherCore' in project 'GTMSessionFetcher'
    Target 'FirebaseStorage' in project 'Firebase'
        ➜ Explicit dependency on target 'FirebaseAppCheckInterop' in project 'Firebase'
        ➜ Explicit dependency on target 'FirebaseAuthInterop' in project 'Firebase'
        ➜ Explicit dependency on target 'Firebase' in project 'Firebase'
        ➜ Explicit dependency on target 'FirebaseCoreInternal' in project 'Firebase'
        ➜ Explicit dependency on target 'FirebaseCore' in project 'Firebase'
        ➜ Explicit dependency on target 'FirebaseCoreExtension' in project 'Firebase'
        ➜ Explicit dependency on target 'GULNSData' in project 'GoogleUtilities'
        ➜ Explicit dependency on target 'GULEnvironment' in project 'GoogleUtilities'
        ➜ Explicit dependency on target 'GULLogger' in project 'GoogleUtilities'
        ➜ Explicit dependency on target 'GTMSessionFetcherCore' in project 'GTMSessionFetcher'
    Target 'FirebaseCore' in project 'Firebase'
        ➜ Explicit dependency on target 'FirebaseCore' in project 'Firebase'
        ➜ Explicit dependency on target 'Firebase_FirebaseCore' in project 'Firebase'
        ➜ Explicit dependency on target 'Firebase' in project 'Firebase'
        ➜ Explicit dependency on target 'FirebaseCoreInternal' in project 'Firebase'
        ➜ Explicit dependency on target 'GULNSData' in project 'GoogleUtilities'
        ➜ Explicit dependency on target 'GULEnvironment' in project 'GoogleUtilities'
        ➜ Explicit dependency on target 'GULLogger' in project 'GoogleUtilities'
    Target 'PostgREST' in project 'Supabase'
        ➜ Explicit dependency on target 'PostgREST' in project 'Supabase'
        ➜ Explicit dependency on target 'Helpers' in project 'Supabase'
        ➜ Explicit dependency on target 'ConcurrencyExtras' in project 'swift-concurrency-extras'
        ➜ Explicit dependency on target 'HTTPTypes' in project 'swift-http-types'
        ➜ Explicit dependency on target 'Clocks' in project 'swift-clocks'
        ➜ Explicit dependency on target 'XCTestDynamicOverlay' in project 'xctest-dynamic-overlay'
    Target 'PostgREST' in project 'Supabase'
        ➜ Explicit dependency on target 'Helpers' in project 'Supabase'
        ➜ Explicit dependency on target 'ConcurrencyExtras' in project 'swift-concurrency-extras'
        ➜ Explicit dependency on target 'HTTPTypes' in project 'swift-http-types'
        ➜ Explicit dependency on target 'Clocks' in project 'swift-clocks'
        ➜ Explicit dependency on target 'XCTestDynamicOverlay' in project 'xctest-dynamic-overlay'
    Target 'Functions' in project 'Supabase'
        ➜ Explicit dependency on target 'Functions' in project 'Supabase'
        ➜ Explicit dependency on target 'Helpers' in project 'Supabase'
        ➜ Explicit dependency on target 'ConcurrencyExtras' in project 'swift-concurrency-extras'
        ➜ Explicit dependency on target 'HTTPTypes' in project 'swift-http-types'
        ➜ Explicit dependency on target 'Clocks' in project 'swift-clocks'
        ➜ Explicit dependency on target 'XCTestDynamicOverlay' in project 'xctest-dynamic-overlay'
    Target 'Functions' in project 'Supabase'
        ➜ Explicit dependency on target 'Helpers' in project 'Supabase'
        ➜ Explicit dependency on target 'ConcurrencyExtras' in project 'swift-concurrency-extras'
        ➜ Explicit dependency on target 'HTTPTypes' in project 'swift-http-types'
        ➜ Explicit dependency on target 'Clocks' in project 'swift-clocks'
        ➜ Explicit dependency on target 'XCTestDynamicOverlay' in project 'xctest-dynamic-overlay'
    Target 'FirebaseCrashlytics' in project 'Firebase'
        ➜ Explicit dependency on target 'FirebaseCrashlytics' in project 'Firebase'
        ➜ Explicit dependency on target 'Firebase_FirebaseCrashlytics' in project 'Firebase'
        ➜ Explicit dependency on target 'Firebase' in project 'Firebase'
        ➜ Explicit dependency on target 'FirebaseCoreInternal' in project 'Firebase'
        ➜ Explicit dependency on target 'FirebaseCore' in project 'Firebase'
        ➜ Explicit dependency on target 'FirebaseInstallations' in project 'Firebase'
        ➜ Explicit dependency on target 'FirebaseCoreExtension' in project 'Firebase'
        ➜ Explicit dependency on target 'FirebaseSessionsObjC' in project 'Firebase'
        ➜ Explicit dependency on target 'FirebaseSessions' in project 'Firebase'
        ➜ Explicit dependency on target 'FirebaseRemoteConfigInterop' in project 'Firebase'
        ➜ Explicit dependency on target 'FirebaseCrashlyticsSwift' in project 'Firebase'
        ➜ Explicit dependency on target 'GULNSData' in project 'GoogleUtilities'
        ➜ Explicit dependency on target 'GULEnvironment' in project 'GoogleUtilities'
        ➜ Explicit dependency on target 'GULLogger' in project 'GoogleUtilities'
        ➜ Explicit dependency on target 'FBLPromises' in project 'Promises'
        ➜ Explicit dependency on target 'GULUserDefaults' in project 'GoogleUtilities'
        ➜ Explicit dependency on target 'nanopb' in project 'nanopb'
        ➜ Explicit dependency on target 'Promises' in project 'Promises'
        ➜ Explicit dependency on target 'GoogleDataTransport' in project 'GoogleDataTransport'
    Target 'FirebaseCrashlytics' in project 'Firebase'
        ➜ Explicit dependency on target 'Firebase_FirebaseCrashlytics' in project 'Firebase'
        ➜ Explicit dependency on target 'Firebase' in project 'Firebase'
        ➜ Explicit dependency on target 'FirebaseCoreInternal' in project 'Firebase'
        ➜ Explicit dependency on target 'FirebaseCore' in project 'Firebase'
        ➜ Explicit dependency on target 'FirebaseInstallations' in project 'Firebase'
        ➜ Explicit dependency on target 'FirebaseCoreExtension' in project 'Firebase'
        ➜ Explicit dependency on target 'FirebaseSessionsObjC' in project 'Firebase'
        ➜ Explicit dependency on target 'FirebaseSessions' in project 'Firebase'
        ➜ Explicit dependency on target 'FirebaseRemoteConfigInterop' in project 'Firebase'
        ➜ Explicit dependency on target 'FirebaseCrashlyticsSwift' in project 'Firebase'
        ➜ Explicit dependency on target 'GULNSData' in project 'GoogleUtilities'
        ➜ Explicit dependency on target 'GULEnvironment' in project 'GoogleUtilities'
        ➜ Explicit dependency on target 'GULLogger' in project 'GoogleUtilities'
        ➜ Explicit dependency on target 'FBLPromises' in project 'Promises'
        ➜ Explicit dependency on target 'GULUserDefaults' in project 'GoogleUtilities'
        ➜ Explicit dependency on target 'nanopb' in project 'nanopb'
        ➜ Explicit dependency on target 'Promises' in project 'Promises'
        ➜ Explicit dependency on target 'GoogleDataTransport' in project 'GoogleDataTransport'
    Target 'FirebaseCrashlyticsSwift' in project 'Firebase'
        ➜ Explicit dependency on target 'Firebase_FirebaseCrashlyticsSwift' in project 'Firebase'
        ➜ Explicit dependency on target 'FirebaseRemoteConfigInterop' in project 'Firebase'
    Target 'Firebase_FirebaseCrashlyticsSwift' in project 'Firebase' (no dependencies)
    Target 'FirebaseRemoteConfigInterop' in project 'Firebase' (no dependencies)
    Target 'FirebaseSessions' in project 'Firebase'
        ➜ Explicit dependency on target 'Firebase' in project 'Firebase'
        ➜ Explicit dependency on target 'FirebaseCoreInternal' in project 'Firebase'
        ➜ Explicit dependency on target 'FirebaseCore' in project 'Firebase'
        ➜ Explicit dependency on target 'FirebaseInstallations' in project 'Firebase'
        ➜ Explicit dependency on target 'FirebaseCoreExtension' in project 'Firebase'
        ➜ Explicit dependency on target 'FirebaseSessionsObjC' in project 'Firebase'
        ➜ Explicit dependency on target 'GULNSData' in project 'GoogleUtilities'
        ➜ Explicit dependency on target 'GULEnvironment' in project 'GoogleUtilities'
        ➜ Explicit dependency on target 'GULLogger' in project 'GoogleUtilities'
        ➜ Explicit dependency on target 'FBLPromises' in project 'Promises'
        ➜ Explicit dependency on target 'GULUserDefaults' in project 'GoogleUtilities'
        ➜ Explicit dependency on target 'nanopb' in project 'nanopb'
        ➜ Explicit dependency on target 'Promises' in project 'Promises'
        ➜ Explicit dependency on target 'GoogleDataTransport' in project 'GoogleDataTransport'
    Target 'GoogleDataTransport' in project 'GoogleDataTransport'
        ➜ Explicit dependency on target 'GoogleDataTransport' in project 'GoogleDataTransport'
        ➜ Explicit dependency on target 'GoogleDataTransport_GoogleDataTransport' in project 'GoogleDataTransport'
        ➜ Explicit dependency on target 'nanopb' in project 'nanopb'
        ➜ Explicit dependency on target 'FBLPromises' in project 'Promises'
    Target 'GoogleDataTransport' in project 'GoogleDataTransport'
        ➜ Explicit dependency on target 'GoogleDataTransport_GoogleDataTransport' in project 'GoogleDataTransport'
        ➜ Explicit dependency on target 'nanopb' in project 'nanopb'
        ➜ Explicit dependency on target 'FBLPromises' in project 'Promises'
    Target 'GoogleDataTransport_GoogleDataTransport' in project 'GoogleDataTransport' (no dependencies)
    Target 'Promises' in project 'Promises'
        ➜ Explicit dependency on target 'Promises' in project 'Promises'
        ➜ Explicit dependency on target 'Promises_Promises' in project 'Promises'
        ➜ Explicit dependency on target 'FBLPromises' in project 'Promises'
    Target 'Promises' in project 'Promises'
        ➜ Explicit dependency on target 'Promises_Promises' in project 'Promises'
        ➜ Explicit dependency on target 'FBLPromises' in project 'Promises'
    Target 'Promises_Promises' in project 'Promises' (no dependencies)
    Target 'FirebaseSessionsObjC' in project 'Firebase'
        ➜ Explicit dependency on target 'Firebase' in project 'Firebase'
        ➜ Explicit dependency on target 'FirebaseCoreInternal' in project 'Firebase'
        ➜ Explicit dependency on target 'FirebaseCore' in project 'Firebase'
        ➜ Explicit dependency on target 'FirebaseCoreExtension' in project 'Firebase'
        ➜ Explicit dependency on target 'GULNSData' in project 'GoogleUtilities'
        ➜ Explicit dependency on target 'GULEnvironment' in project 'GoogleUtilities'
        ➜ Explicit dependency on target 'GULLogger' in project 'GoogleUtilities'
        ➜ Explicit dependency on target 'nanopb' in project 'nanopb'
    Target 'Firebase_FirebaseCrashlytics' in project 'Firebase' (no dependencies)
    Target 'FirebaseAuth' in project 'Firebase'
        ➜ Explicit dependency on target 'FirebaseAuth' in project 'Firebase'
        ➜ Explicit dependency on target 'Firebase_FirebaseAuth' in project 'Firebase'
        ➜ Explicit dependency on target 'FirebaseAppCheckInterop' in project 'Firebase'
        ➜ Explicit dependency on target 'FirebaseAuthInterop' in project 'Firebase'
        ➜ Explicit dependency on target 'FirebaseAuthInternal' in project 'Firebase'
        ➜ Explicit dependency on target 'Firebase' in project 'Firebase'
        ➜ Explicit dependency on target 'FirebaseCoreInternal' in project 'Firebase'
        ➜ Explicit dependency on target 'FirebaseCore' in project 'Firebase'
        ➜ Explicit dependency on target 'FirebaseCoreExtension' in project 'Firebase'
        ➜ Explicit dependency on target 'RecaptchaInterop' in project 'InteropForGoogle'
        ➜ Explicit dependency on target 'GULNSData' in project 'GoogleUtilities'
        ➜ Explicit dependency on target 'GULEnvironment' in project 'GoogleUtilities'
        ➜ Explicit dependency on target 'GULLogger' in project 'GoogleUtilities'
        ➜ Explicit dependency on target 'GULAppDelegateSwizzler' in project 'GoogleUtilities'
        ➜ Explicit dependency on target 'GTMSessionFetcherCore' in project 'GTMSessionFetcher'
    Target 'FirebaseAuth' in project 'Firebase'
        ➜ Explicit dependency on target 'Firebase_FirebaseAuth' in project 'Firebase'
        ➜ Explicit dependency on target 'FirebaseAppCheckInterop' in project 'Firebase'
        ➜ Explicit dependency on target 'FirebaseAuthInterop' in project 'Firebase'
        ➜ Explicit dependency on target 'FirebaseAuthInternal' in project 'Firebase'
        ➜ Explicit dependency on target 'Firebase' in project 'Firebase'
        ➜ Explicit dependency on target 'FirebaseCoreInternal' in project 'Firebase'
        ➜ Explicit dependency on target 'FirebaseCore' in project 'Firebase'
        ➜ Explicit dependency on target 'FirebaseCoreExtension' in project 'Firebase'
        ➜ Explicit dependency on target 'RecaptchaInterop' in project 'InteropForGoogle'
        ➜ Explicit dependency on target 'GULNSData' in project 'GoogleUtilities'
        ➜ Explicit dependency on target 'GULEnvironment' in project 'GoogleUtilities'
        ➜ Explicit dependency on target 'GULLogger' in project 'GoogleUtilities'
        ➜ Explicit dependency on target 'GULAppDelegateSwizzler' in project 'GoogleUtilities'
        ➜ Explicit dependency on target 'GTMSessionFetcherCore' in project 'GTMSessionFetcher'
    Target 'GTMSessionFetcherCore' in project 'GTMSessionFetcher'
        ➜ Explicit dependency on target 'GTMSessionFetcherCore' in project 'GTMSessionFetcher'
        ➜ Explicit dependency on target 'GTMSessionFetcher_GTMSessionFetcherCore' in project 'GTMSessionFetcher'
    Target 'GTMSessionFetcherCore' in project 'GTMSessionFetcher'
        ➜ Explicit dependency on target 'GTMSessionFetcher_GTMSessionFetcherCore' in project 'GTMSessionFetcher'
    Target 'GTMSessionFetcher_GTMSessionFetcherCore' in project 'GTMSessionFetcher' (no dependencies)
    Target 'FirebaseCoreExtension' in project 'Firebase'
        ➜ Explicit dependency on target 'Firebase_FirebaseCoreExtension' in project 'Firebase'
    Target 'Firebase_FirebaseCoreExtension' in project 'Firebase' (no dependencies)
    Target 'FirebaseAuthInternal' in project 'Firebase'
        ➜ Explicit dependency on target 'RecaptchaInterop' in project 'InteropForGoogle'
    Target 'RecaptchaInterop' in project 'InteropForGoogle'
        ➜ Explicit dependency on target 'RecaptchaInterop' in project 'InteropForGoogle'
    Target 'RecaptchaInterop' in project 'InteropForGoogle' (no dependencies)
    Target 'FirebaseAuthInterop' in project 'Firebase' (no dependencies)
    Target 'FirebaseAppCheckInterop' in project 'Firebase' (no dependencies)
    Target 'Firebase_FirebaseAuth' in project 'Firebase' (no dependencies)
    Target 'FirebaseAnalytics' in project 'Firebase'
        ➜ Explicit dependency on target 'FirebaseAnalyticsTarget' in project 'Firebase'
        ➜ Explicit dependency on target 'Firebase' in project 'Firebase'
        ➜ Explicit dependency on target 'FirebaseCoreInternal' in project 'Firebase'
        ➜ Explicit dependency on target 'FirebaseCore' in project 'Firebase'
        ➜ Explicit dependency on target 'FirebaseInstallations' in project 'Firebase'
        ➜ Explicit dependency on target 'FirebaseAnalyticsWrapper' in project 'Firebase'
        ➜ Explicit dependency on target 'GULNSData' in project 'GoogleUtilities'
        ➜ Explicit dependency on target 'GULEnvironment' in project 'GoogleUtilities'
        ➜ Explicit dependency on target 'GULLogger' in project 'GoogleUtilities'
        ➜ Explicit dependency on target 'FBLPromises' in project 'Promises'
        ➜ Explicit dependency on target 'GULUserDefaults' in project 'GoogleUtilities'
        ➜ Explicit dependency on target 'GoogleAppMeasurement' in project 'GoogleAppMeasurement'
        ➜ Explicit dependency on target 'GULAppDelegateSwizzler' in project 'GoogleUtilities'
        ➜ Explicit dependency on target 'GULMethodSwizzler' in project 'GoogleUtilities'
        ➜ Explicit dependency on target 'GULNetwork' in project 'GoogleUtilities'
        ➜ Explicit dependency on target 'nanopb' in project 'nanopb'
    Target 'FirebaseAnalyticsTarget' in project 'Firebase'
        ➜ Explicit dependency on target 'Firebase' in project 'Firebase'
        ➜ Explicit dependency on target 'FirebaseCoreInternal' in project 'Firebase'
        ➜ Explicit dependency on target 'FirebaseCore' in project 'Firebase'
        ➜ Explicit dependency on target 'FirebaseInstallations' in project 'Firebase'
        ➜ Explicit dependency on target 'FirebaseAnalyticsWrapper' in project 'Firebase'
        ➜ Explicit dependency on target 'GULNSData' in project 'GoogleUtilities'
        ➜ Explicit dependency on target 'GULEnvironment' in project 'GoogleUtilities'
        ➜ Explicit dependency on target 'GULLogger' in project 'GoogleUtilities'
        ➜ Explicit dependency on target 'FBLPromises' in project 'Promises'
        ➜ Explicit dependency on target 'GULUserDefaults' in project 'GoogleUtilities'
        ➜ Explicit dependency on target 'GoogleAppMeasurement' in project 'GoogleAppMeasurement'
        ➜ Explicit dependency on target 'GULAppDelegateSwizzler' in project 'GoogleUtilities'
        ➜ Explicit dependency on target 'GULMethodSwizzler' in project 'GoogleUtilities'
        ➜ Explicit dependency on target 'GULNetwork' in project 'GoogleUtilities'
        ➜ Explicit dependency on target 'nanopb' in project 'nanopb'
    Target 'FirebaseAnalyticsWrapper' in project 'Firebase'
        ➜ Explicit dependency on target 'Firebase' in project 'Firebase'
        ➜ Explicit dependency on target 'FirebaseCoreInternal' in project 'Firebase'
        ➜ Explicit dependency on target 'FirebaseCore' in project 'Firebase'
        ➜ Explicit dependency on target 'FirebaseInstallations' in project 'Firebase'
        ➜ Explicit dependency on target 'GULNSData' in project 'GoogleUtilities'
        ➜ Explicit dependency on target 'GULEnvironment' in project 'GoogleUtilities'
        ➜ Explicit dependency on target 'GULLogger' in project 'GoogleUtilities'
        ➜ Explicit dependency on target 'FBLPromises' in project 'Promises'
        ➜ Explicit dependency on target 'GULUserDefaults' in project 'GoogleUtilities'
        ➜ Explicit dependency on target 'GoogleAppMeasurement' in project 'GoogleAppMeasurement'
        ➜ Explicit dependency on target 'GULAppDelegateSwizzler' in project 'GoogleUtilities'
        ➜ Explicit dependency on target 'GULMethodSwizzler' in project 'GoogleUtilities'
        ➜ Explicit dependency on target 'GULNetwork' in project 'GoogleUtilities'
        ➜ Explicit dependency on target 'nanopb' in project 'nanopb'
    Target 'GoogleAppMeasurement' in project 'GoogleAppMeasurement'
        ➜ Explicit dependency on target 'GoogleAppMeasurementTarget' in project 'GoogleAppMeasurement'
        ➜ Explicit dependency on target 'GULAppDelegateSwizzler' in project 'GoogleUtilities'
        ➜ Explicit dependency on target 'GULMethodSwizzler' in project 'GoogleUtilities'
        ➜ Explicit dependency on target 'GULNSData' in project 'GoogleUtilities'
        ➜ Explicit dependency on target 'GULNetwork' in project 'GoogleUtilities'
        ➜ Explicit dependency on target 'nanopb' in project 'nanopb'
        ➜ Explicit dependency on target 'GoogleAdsOnDeviceConversion' in project 'GoogleAdsOnDeviceConversion'
    Target 'GoogleAppMeasurementTarget' in project 'GoogleAppMeasurement'
        ➜ Explicit dependency on target 'GULAppDelegateSwizzler' in project 'GoogleUtilities'
        ➜ Explicit dependency on target 'GULMethodSwizzler' in project 'GoogleUtilities'
        ➜ Explicit dependency on target 'GULNSData' in project 'GoogleUtilities'
        ➜ Explicit dependency on target 'GULNetwork' in project 'GoogleUtilities'
        ➜ Explicit dependency on target 'nanopb' in project 'nanopb'
        ➜ Explicit dependency on target 'GoogleAdsOnDeviceConversion' in project 'GoogleAdsOnDeviceConversion'
    Target 'GoogleAdsOnDeviceConversion' in project 'GoogleAdsOnDeviceConversion'
        ➜ Explicit dependency on target 'GoogleAdsOnDeviceConversionTarget' in project 'GoogleAdsOnDeviceConversion'
        ➜ Explicit dependency on target 'GULLogger' in project 'GoogleUtilities'
        ➜ Explicit dependency on target 'GULNetwork' in project 'GoogleUtilities'
        ➜ Explicit dependency on target 'nanopb' in project 'nanopb'
    Target 'GoogleAdsOnDeviceConversionTarget' in project 'GoogleAdsOnDeviceConversion'
        ➜ Explicit dependency on target 'GULLogger' in project 'GoogleUtilities'
        ➜ Explicit dependency on target 'GULNetwork' in project 'GoogleUtilities'
        ➜ Explicit dependency on target 'nanopb' in project 'nanopb'
    Target 'nanopb' in project 'nanopb'
        ➜ Explicit dependency on target 'nanopb' in project 'nanopb'
        ➜ Explicit dependency on target 'nanopb_nanopb' in project 'nanopb'
    Target 'nanopb' in project 'nanopb'
        ➜ Explicit dependency on target 'nanopb_nanopb' in project 'nanopb'
    Target 'nanopb_nanopb' in project 'nanopb' (no dependencies)
    Target 'GULNetwork' in project 'GoogleUtilities'
        ➜ Explicit dependency on target 'GoogleUtilities-Network' in project 'GoogleUtilities'
        ➜ Explicit dependency on target 'GoogleUtilities_GoogleUtilities-Network' in project 'GoogleUtilities'
        ➜ Explicit dependency on target 'third-party-IsAppEncrypted' in project 'GoogleUtilities'
        ➜ Explicit dependency on target 'GoogleUtilities-Environment' in project 'GoogleUtilities'
        ➜ Explicit dependency on target 'GoogleUtilities-Logger' in project 'GoogleUtilities'
        ➜ Explicit dependency on target 'GoogleUtilities-NSData' in project 'GoogleUtilities'
        ➜ Explicit dependency on target 'GoogleUtilities-Reachability' in project 'GoogleUtilities'
    Target 'GULMethodSwizzler' in project 'GoogleUtilities'
        ➜ Explicit dependency on target 'GoogleUtilities-MethodSwizzler' in project 'GoogleUtilities'
        ➜ Explicit dependency on target 'GoogleUtilities_GoogleUtilities-MethodSwizzler' in project 'GoogleUtilities'
        ➜ Explicit dependency on target 'third-party-IsAppEncrypted' in project 'GoogleUtilities'
        ➜ Explicit dependency on target 'GoogleUtilities-Environment' in project 'GoogleUtilities'
        ➜ Explicit dependency on target 'GoogleUtilities-Logger' in project 'GoogleUtilities'
    Target 'GoogleUtilities-MethodSwizzler' in project 'GoogleUtilities'
        ➜ Explicit dependency on target 'GoogleUtilities_GoogleUtilities-MethodSwizzler' in project 'GoogleUtilities'
        ➜ Explicit dependency on target 'third-party-IsAppEncrypted' in project 'GoogleUtilities'
        ➜ Explicit dependency on target 'GoogleUtilities-Environment' in project 'GoogleUtilities'
        ➜ Explicit dependency on target 'GoogleUtilities-Logger' in project 'GoogleUtilities'
    Target 'GoogleUtilities_GoogleUtilities-MethodSwizzler' in project 'GoogleUtilities' (no dependencies)
    Target 'GULAppDelegateSwizzler' in project 'GoogleUtilities'
        ➜ Explicit dependency on target 'GoogleUtilities-AppDelegateSwizzler' in project 'GoogleUtilities'
        ➜ Explicit dependency on target 'GoogleUtilities_GoogleUtilities-AppDelegateSwizzler' in project 'GoogleUtilities'
        ➜ Explicit dependency on target 'third-party-IsAppEncrypted' in project 'GoogleUtilities'
        ➜ Explicit dependency on target 'GoogleUtilities-Environment' in project 'GoogleUtilities'
        ➜ Explicit dependency on target 'GoogleUtilities-Logger' in project 'GoogleUtilities'
        ➜ Explicit dependency on target 'GoogleUtilities-NSData' in project 'GoogleUtilities'
        ➜ Explicit dependency on target 'GoogleUtilities-Reachability' in project 'GoogleUtilities'
        ➜ Explicit dependency on target 'GoogleUtilities-Network' in project 'GoogleUtilities'
    Target 'GoogleUtilities-AppDelegateSwizzler' in project 'GoogleUtilities'
        ➜ Explicit dependency on target 'GoogleUtilities_GoogleUtilities-AppDelegateSwizzler' in project 'GoogleUtilities'
        ➜ Explicit dependency on target 'third-party-IsAppEncrypted' in project 'GoogleUtilities'
        ➜ Explicit dependency on target 'GoogleUtilities-Environment' in project 'GoogleUtilities'
        ➜ Explicit dependency on target 'GoogleUtilities-Logger' in project 'GoogleUtilities'
        ➜ Explicit dependency on target 'GoogleUtilities-NSData' in project 'GoogleUtilities'
        ➜ Explicit dependency on target 'GoogleUtilities-Reachability' in project 'GoogleUtilities'
        ➜ Explicit dependency on target 'GoogleUtilities-Network' in project 'GoogleUtilities'
    Target 'GoogleUtilities-Network' in project 'GoogleUtilities'
        ➜ Explicit dependency on target 'GoogleUtilities_GoogleUtilities-Network' in project 'GoogleUtilities'
        ➜ Explicit dependency on target 'third-party-IsAppEncrypted' in project 'GoogleUtilities'
        ➜ Explicit dependency on target 'GoogleUtilities-Environment' in project 'GoogleUtilities'
        ➜ Explicit dependency on target 'GoogleUtilities-Logger' in project 'GoogleUtilities'
        ➜ Explicit dependency on target 'GoogleUtilities-NSData' in project 'GoogleUtilities'
        ➜ Explicit dependency on target 'GoogleUtilities-Reachability' in project 'GoogleUtilities'
    Target 'GoogleUtilities_GoogleUtilities-Network' in project 'GoogleUtilities' (no dependencies)
    Target 'GoogleUtilities-Reachability' in project 'GoogleUtilities'
        ➜ Explicit dependency on target 'GoogleUtilities_GoogleUtilities-Reachability' in project 'GoogleUtilities'
        ➜ Explicit dependency on target 'third-party-IsAppEncrypted' in project 'GoogleUtilities'
        ➜ Explicit dependency on target 'GoogleUtilities-Environment' in project 'GoogleUtilities'
        ➜ Explicit dependency on target 'GoogleUtilities-Logger' in project 'GoogleUtilities'
    Target 'GoogleUtilities_GoogleUtilities-Reachability' in project 'GoogleUtilities' (no dependencies)
    Target 'GoogleUtilities_GoogleUtilities-AppDelegateSwizzler' in project 'GoogleUtilities' (no dependencies)
    Target 'FirebaseInstallations' in project 'Firebase'
        ➜ Explicit dependency on target 'Firebase_FirebaseInstallations' in project 'Firebase'
        ➜ Explicit dependency on target 'Firebase' in project 'Firebase'
        ➜ Explicit dependency on target 'FirebaseCoreInternal' in project 'Firebase'
        ➜ Explicit dependency on target 'FirebaseCore' in project 'Firebase'
        ➜ Explicit dependency on target 'GULNSData' in project 'GoogleUtilities'
        ➜ Explicit dependency on target 'GULEnvironment' in project 'GoogleUtilities'
        ➜ Explicit dependency on target 'GULLogger' in project 'GoogleUtilities'
        ➜ Explicit dependency on target 'FBLPromises' in project 'Promises'
        ➜ Explicit dependency on target 'GULUserDefaults' in project 'GoogleUtilities'
    Target 'GULUserDefaults' in project 'GoogleUtilities'
        ➜ Explicit dependency on target 'GoogleUtilities-UserDefaults' in project 'GoogleUtilities'
        ➜ Explicit dependency on target 'GoogleUtilities_GoogleUtilities-UserDefaults' in project 'GoogleUtilities'
        ➜ Explicit dependency on target 'third-party-IsAppEncrypted' in project 'GoogleUtilities'
        ➜ Explicit dependency on target 'GoogleUtilities-Environment' in project 'GoogleUtilities'
        ➜ Explicit dependency on target 'GoogleUtilities-Logger' in project 'GoogleUtilities'
    Target 'GoogleUtilities-UserDefaults' in project 'GoogleUtilities'
        ➜ Explicit dependency on target 'GoogleUtilities_GoogleUtilities-UserDefaults' in project 'GoogleUtilities'
        ➜ Explicit dependency on target 'third-party-IsAppEncrypted' in project 'GoogleUtilities'
        ➜ Explicit dependency on target 'GoogleUtilities-Environment' in project 'GoogleUtilities'
        ➜ Explicit dependency on target 'GoogleUtilities-Logger' in project 'GoogleUtilities'
    Target 'GoogleUtilities_GoogleUtilities-UserDefaults' in project 'GoogleUtilities' (no dependencies)
    Target 'FBLPromises' in project 'Promises'
        ➜ Explicit dependency on target 'FBLPromises' in project 'Promises'
        ➜ Explicit dependency on target 'Promises_FBLPromises' in project 'Promises'
    Target 'FBLPromises' in project 'Promises'
        ➜ Explicit dependency on target 'Promises_FBLPromises' in project 'Promises'
    Target 'Promises_FBLPromises' in project 'Promises' (no dependencies)
    Target 'Firebase_FirebaseInstallations' in project 'Firebase' (no dependencies)
    Target 'FirebaseCore' in project 'Firebase'
        ➜ Explicit dependency on target 'Firebase_FirebaseCore' in project 'Firebase'
        ➜ Explicit dependency on target 'Firebase' in project 'Firebase'
        ➜ Explicit dependency on target 'FirebaseCoreInternal' in project 'Firebase'
        ➜ Explicit dependency on target 'GULNSData' in project 'GoogleUtilities'
        ➜ Explicit dependency on target 'GULEnvironment' in project 'GoogleUtilities'
        ➜ Explicit dependency on target 'GULLogger' in project 'GoogleUtilities'
    Target 'GULLogger' in project 'GoogleUtilities'
        ➜ Explicit dependency on target 'GoogleUtilities-Logger' in project 'GoogleUtilities'
        ➜ Explicit dependency on target 'GoogleUtilities_GoogleUtilities-Logger' in project 'GoogleUtilities'
        ➜ Explicit dependency on target 'third-party-IsAppEncrypted' in project 'GoogleUtilities'
        ➜ Explicit dependency on target 'GoogleUtilities-Environment' in project 'GoogleUtilities'
    Target 'GoogleUtilities-Logger' in project 'GoogleUtilities'
        ➜ Explicit dependency on target 'GoogleUtilities_GoogleUtilities-Logger' in project 'GoogleUtilities'
        ➜ Explicit dependency on target 'third-party-IsAppEncrypted' in project 'GoogleUtilities'
        ➜ Explicit dependency on target 'GoogleUtilities-Environment' in project 'GoogleUtilities'
    Target 'GoogleUtilities_GoogleUtilities-Logger' in project 'GoogleUtilities' (no dependencies)
    Target 'GULEnvironment' in project 'GoogleUtilities'
        ➜ Explicit dependency on target 'GoogleUtilities-Environment' in project 'GoogleUtilities'
        ➜ Explicit dependency on target 'GoogleUtilities_GoogleUtilities-Environment' in project 'GoogleUtilities'
        ➜ Explicit dependency on target 'third-party-IsAppEncrypted' in project 'GoogleUtilities'
    Target 'GoogleUtilities-Environment' in project 'GoogleUtilities'
        ➜ Explicit dependency on target 'GoogleUtilities_GoogleUtilities-Environment' in project 'GoogleUtilities'
        ➜ Explicit dependency on target 'third-party-IsAppEncrypted' in project 'GoogleUtilities'
    Target 'third-party-IsAppEncrypted' in project 'GoogleUtilities' (no dependencies)
    Target 'GoogleUtilities_GoogleUtilities-Environment' in project 'GoogleUtilities' (no dependencies)
    Target 'Firebase_FirebaseCore' in project 'Firebase' (no dependencies)
    Target 'FirebaseCoreInternal' in project 'Firebase'
        ➜ Explicit dependency on target 'Firebase_FirebaseCoreInternal' in project 'Firebase'
        ➜ Explicit dependency on target 'GULNSData' in project 'GoogleUtilities'
    Target 'GULNSData' in project 'GoogleUtilities'
        ➜ Explicit dependency on target 'GoogleUtilities-NSData' in project 'GoogleUtilities'
        ➜ Explicit dependency on target 'GoogleUtilities_GoogleUtilities-NSData' in project 'GoogleUtilities'
    Target 'GoogleUtilities-NSData' in project 'GoogleUtilities'
        ➜ Explicit dependency on target 'GoogleUtilities_GoogleUtilities-NSData' in project 'GoogleUtilities'
    Target 'GoogleUtilities_GoogleUtilities-NSData' in project 'GoogleUtilities' (no dependencies)
    Target 'Firebase_FirebaseCoreInternal' in project 'Firebase' (no dependencies)
    Target 'Firebase' in project 'Firebase' (no dependencies)
    Target 'Storage' in project 'Supabase'
        ➜ Explicit dependency on target 'Storage' in project 'Supabase'
        ➜ Explicit dependency on target 'Helpers' in project 'Supabase'
        ➜ Explicit dependency on target 'ConcurrencyExtras' in project 'swift-concurrency-extras'
        ➜ Explicit dependency on target 'HTTPTypes' in project 'swift-http-types'
        ➜ Explicit dependency on target 'Clocks' in project 'swift-clocks'
        ➜ Explicit dependency on target 'XCTestDynamicOverlay' in project 'xctest-dynamic-overlay'
    Target 'Storage' in project 'Supabase'
        ➜ Explicit dependency on target 'Helpers' in project 'Supabase'
        ➜ Explicit dependency on target 'ConcurrencyExtras' in project 'swift-concurrency-extras'
        ➜ Explicit dependency on target 'HTTPTypes' in project 'swift-http-types'
        ➜ Explicit dependency on target 'Clocks' in project 'swift-clocks'
        ➜ Explicit dependency on target 'XCTestDynamicOverlay' in project 'xctest-dynamic-overlay'
    Target 'Helpers' in project 'Supabase'
        ➜ Explicit dependency on target 'ConcurrencyExtras' in project 'swift-concurrency-extras'
        ➜ Explicit dependency on target 'HTTPTypes' in project 'swift-http-types'
        ➜ Explicit dependency on target 'Clocks' in project 'swift-clocks'
        ➜ Explicit dependency on target 'XCTestDynamicOverlay' in project 'xctest-dynamic-overlay'
    Target 'XCTestDynamicOverlay' in project 'xctest-dynamic-overlay'
        ➜ Explicit dependency on target 'XCTestDynamicOverlay' in project 'xctest-dynamic-overlay'
        ➜ Explicit dependency on target 'IssueReporting' in project 'xctest-dynamic-overlay'
    Target 'XCTestDynamicOverlay' in project 'xctest-dynamic-overlay'
        ➜ Explicit dependency on target 'IssueReporting' in project 'xctest-dynamic-overlay'
    Target 'Clocks' in project 'swift-clocks'
        ➜ Explicit dependency on target 'Clocks' in project 'swift-clocks'
        ➜ Explicit dependency on target 'ConcurrencyExtras' in project 'swift-concurrency-extras'
        ➜ Explicit dependency on target 'IssueReporting' in project 'xctest-dynamic-overlay'
    Target 'Clocks' in project 'swift-clocks'
        ➜ Explicit dependency on target 'ConcurrencyExtras' in project 'swift-concurrency-extras'
        ➜ Explicit dependency on target 'IssueReporting' in project 'xctest-dynamic-overlay'
    Target 'IssueReporting' in project 'xctest-dynamic-overlay'
        ➜ Explicit dependency on target 'IssueReporting' in project 'xctest-dynamic-overlay'
    Target 'IssueReporting' in project 'xctest-dynamic-overlay' (no dependencies)
    Target 'HTTPTypes' in project 'swift-http-types'
        ➜ Explicit dependency on target 'HTTPTypes' in project 'swift-http-types'
    Target 'HTTPTypes' in project 'swift-http-types' (no dependencies)
    Target 'ConcurrencyExtras' in project 'swift-concurrency-extras'
        ➜ Explicit dependency on target 'ConcurrencyExtras' in project 'swift-concurrency-extras'
    Target 'ConcurrencyExtras' in project 'swift-concurrency-extras' (no dependencies)

GatherProvisioningInputs

CreateBuildDescription

ExecuteExternalTool /Applications/Xcode.app/Contents/Developer/Toolchains/XcodeDefault.xctoolchain/usr/bin/swiftc --version

ExecuteExternalTool /Applications/Xcode.app/Contents/Developer/Toolchains/XcodeDefault.xctoolchain/usr/bin/clang -v -E -dM -arch arm64 -isysroot /Applications/Xcode.app/Contents/Developer/Platforms/iPhoneOS.platform/Developer/SDKs/iPhoneOS18.5.sdk -x objective-c -c /dev/null

ExecuteExternalTool /Applications/Xcode.app/Contents/Developer/Toolchains/XcodeDefault.xctoolchain/usr/bin/clang -v -E -dM -isysroot /Applications/Xcode.app/Contents/Developer/Platforms/iPhoneOS.platform/Developer/SDKs/iPhoneOS18.5.sdk -x c -c /dev/null

ExecuteExternalTool /Applications/Xcode.app/Contents/Developer/usr/bin/actool --print-asset-tag-combinations --output-format xml1 /Users/keonta/Documents/GOLDEX AI copy 23/GOLDEX AI/Assets.xcassets

ExecuteExternalTool /Applications/Xcode.app/Contents/Developer/Toolchains/XcodeDefault.xctoolchain/usr/bin/ld -version_details

ExecuteExternalTool /Applications/Xcode.app/Contents/Developer/Toolchains/XcodeDefault.xctoolchain/usr/bin/clang -v -E -dM -arch arm64 -isysroot /Applications/Xcode.app/Contents/Developer/Platforms/iPhoneOS.platform/Developer/SDKs/iPhoneOS18.5.sdk -x c -c /dev/null

ExecuteExternalTool /Applications/Xcode.app/Contents/Developer/Toolchains/XcodeDefault.xctoolchain/usr/bin/clang -v -E -dM -arch arm64 -isysroot /Applications/Xcode.app/Contents/Developer/Platforms/iPhoneOS.platform/Developer/SDKs/iPhoneOS18.5.sdk -x c++ -c /dev/null

ExecuteExternalTool /Applications/Xcode.app/Contents/Developer/Toolchains/XcodeDefault.xctoolchain/usr/bin/clang -v -E -dM -arch arm64 -isysroot /Applications/Xcode.app/Contents/Developer/Platforms/iPhoneOS.platform/Developer/SDKs/iPhoneOS18.5.sdk -x objective-c++ -c /dev/null

ReadFileContents /Applications/Xcode.app/Contents/Developer/Toolchains/XcodeDefault.xctoolchain/usr/share/docc/features.json

ExecuteExternalTool /Applications/Xcode.app/Contents/Developer/usr/bin/actool --version --output-format xml1

Build description signature: 357fe6bd62d5667aa5de17364fa0f9b5
Build description path: /Users/keonta/Documents/GOLDEX AI copy 23/build/XCBuildData/357fe6bd62d5667aa5de17364fa0f9b5.xcbuilddata
ClangStatCache /Applications/Xcode.app/Contents/Developer/Toolchains/XcodeDefault.xctoolchain/usr/bin/clang-stat-cache /Applications/Xcode.app/Contents/Developer/Platforms/iPhoneOS.platform/Developer/SDKs/iPhoneOS18.5.sdk /var/folders/bm/l8d_sh2s09x5jt8w1gz8dkl80000gn/C/com.apple.DeveloperTools/16.4-16F6/Xcode/SDKStatCaches.noindex/iphoneos18.5-22F76-7fa4eea80a99bbfdc046826b63ec4baf.sdkstatcache
    cd /Users/keonta/Documents/GOLDEX\ AI\ copy\ 23/GOLDEX\ AI.xcodeproj
    /Applications/Xcode.app/Contents/Developer/Toolchains/XcodeDefault.xctoolchain/usr/bin/clang-stat-cache /Applications/Xcode.app/Contents/Developer/Platforms/iPhoneOS.platform/Developer/SDKs/iPhoneOS18.5.sdk -o /var/folders/bm/l8d_sh2s09x5jt8w1gz8dkl80000gn/C/com.apple.DeveloperTools/16.4-16F6/Xcode/SDKStatCaches.noindex/iphoneos18.5-22F76-7fa4eea80a99bbfdc046826b63ec4baf.sdkstatcache

CreateBuildDirectory /Users/keonta/Library/Developer/Xcode/DerivedData/GOLDEX_AI-gsiylemkiinhfbctpmefkkodbqmv/SourcePackages/checkouts/abseil-cpp-binary/build
    cd /Users/keonta/Documents/GOLDEX\ AI\ copy\ 23/GOLDEX\ AI.xcodeproj
    builtin-create-build-directory /Users/keonta/Library/Developer/Xcode/DerivedData/GOLDEX_AI-gsiylemkiinhfbctpmefkkodbqmv/SourcePackages/checkouts/abseil-cpp-binary/build

CreateBuildDirectory /Users/keonta/Library/Developer/Xcode/DerivedData/GOLDEX_AI-gsiylemkiinhfbctpmefkkodbqmv/SourcePackages/checkouts/google-ads-on-device-conversion-ios-sdk/build
    cd /Users/keonta/Documents/GOLDEX\ AI\ copy\ 23/GOLDEX\ AI.xcodeproj
    builtin-create-build-directory /Users/keonta/Library/Developer/Xcode/DerivedData/GOLDEX_AI-gsiylemkiinhfbctpmefkkodbqmv/SourcePackages/checkouts/google-ads-on-device-conversion-ios-sdk/build

CreateBuildDirectory /Users/keonta/Library/Developer/Xcode/DerivedData/GOLDEX_AI-gsiylemkiinhfbctpmefkkodbqmv/SourcePackages/checkouts/GoogleUtilities/build
    cd /Users/keonta/Documents/GOLDEX\ AI\ copy\ 23/GOLDEX\ AI.xcodeproj
    builtin-create-build-directory /Users/keonta/Library/Developer/Xcode/DerivedData/GOLDEX_AI-gsiylemkiinhfbctpmefkkodbqmv/SourcePackages/checkouts/GoogleUtilities/build

CreateBuildDirectory /Users/keonta/Library/Developer/Xcode/DerivedData/GOLDEX_AI-gsiylemkiinhfbctpmefkkodbqmv/SourcePackages/checkouts/firebase-ios-sdk/build
    cd /Users/keonta/Documents/GOLDEX\ AI\ copy\ 23/GOLDEX\ AI.xcodeproj
    builtin-create-build-directory /Users/keonta/Library/Developer/Xcode/DerivedData/GOLDEX_AI-gsiylemkiinhfbctpmefkkodbqmv/SourcePackages/checkouts/firebase-ios-sdk/build

CreateBuildDirectory /Users/keonta/Library/Developer/Xcode/DerivedData/GOLDEX_AI-gsiylemkiinhfbctpmefkkodbqmv/SourcePackages/checkouts/grpc-binary/build
    cd /Users/keonta/Documents/GOLDEX\ AI\ copy\ 23/GOLDEX\ AI.xcodeproj
    builtin-create-build-directory /Users/keonta/Library/Developer/Xcode/DerivedData/GOLDEX_AI-gsiylemkiinhfbctpmefkkodbqmv/SourcePackages/checkouts/grpc-binary/build

CreateBuildDirectory /Users/keonta/Library/Developer/Xcode/DerivedData/GOLDEX_AI-gsiylemkiinhfbctpmefkkodbqmv/SourcePackages/checkouts/interop-ios-for-google-sdks/build
    cd /Users/keonta/Documents/GOLDEX\ AI\ copy\ 23/GOLDEX\ AI.xcodeproj
    builtin-create-build-directory /Users/keonta/Library/Developer/Xcode/DerivedData/GOLDEX_AI-gsiylemkiinhfbctpmefkkodbqmv/SourcePackages/checkouts/interop-ios-for-google-sdks/build

CreateBuildDirectory /Users/keonta/Library/Developer/Xcode/DerivedData/GOLDEX_AI-gsiylemkiinhfbctpmefkkodbqmv/SourcePackages/checkouts/gtm-session-fetcher/build
    cd /Users/keonta/Documents/GOLDEX\ AI\ copy\ 23/GOLDEX\ AI.xcodeproj
    builtin-create-build-directory /Users/keonta/Library/Developer/Xcode/DerivedData/GOLDEX_AI-gsiylemkiinhfbctpmefkkodbqmv/SourcePackages/checkouts/gtm-session-fetcher/build

CreateBuildDirectory /Users/keonta/Library/Developer/Xcode/DerivedData/GOLDEX_AI-gsiylemkiinhfbctpmefkkodbqmv/SourcePackages/checkouts/GoogleDataTransport/build
    cd /Users/keonta/Documents/GOLDEX\ AI\ copy\ 23/GOLDEX\ AI.xcodeproj
    builtin-create-build-directory /Users/keonta/Library/Developer/Xcode/DerivedData/GOLDEX_AI-gsiylemkiinhfbctpmefkkodbqmv/SourcePackages/checkouts/GoogleDataTransport/build

CreateBuildDirectory /Users/keonta/Library/Developer/Xcode/DerivedData/GOLDEX_AI-gsiylemkiinhfbctpmefkkodbqmv/SourcePackages/checkouts/nanopb/build
    cd /Users/keonta/Documents/GOLDEX\ AI\ copy\ 23/GOLDEX\ AI.xcodeproj
    builtin-create-build-directory /Users/keonta/Library/Developer/Xcode/DerivedData/GOLDEX_AI-gsiylemkiinhfbctpmefkkodbqmv/SourcePackages/checkouts/nanopb/build

CreateBuildDirectory /Users/keonta/Library/Developer/Xcode/DerivedData/GOLDEX_AI-gsiylemkiinhfbctpmefkkodbqmv/SourcePackages/checkouts/GoogleAppMeasurement/build
    cd /Users/keonta/Documents/GOLDEX\ AI\ copy\ 23/GOLDEX\ AI.xcodeproj
    builtin-create-build-directory /Users/keonta/Library/Developer/Xcode/DerivedData/GOLDEX_AI-gsiylemkiinhfbctpmefkkodbqmv/SourcePackages/checkouts/GoogleAppMeasurement/build

CreateBuildDirectory /Users/keonta/Library/Developer/Xcode/DerivedData/GOLDEX_AI-gsiylemkiinhfbctpmefkkodbqmv/SourcePackages/checkouts/leveldb/build
    cd /Users/keonta/Documents/GOLDEX\ AI\ copy\ 23/GOLDEX\ AI.xcodeproj
    builtin-create-build-directory /Users/keonta/Library/Developer/Xcode/DerivedData/GOLDEX_AI-gsiylemkiinhfbctpmefkkodbqmv/SourcePackages/checkouts/leveldb/build

CreateBuildDirectory /Users/keonta/Documents/GOLDEX\ AI\ copy\ 23/build
    cd /Users/keonta/Documents/GOLDEX\ AI\ copy\ 23/GOLDEX\ AI.xcodeproj
    builtin-create-build-directory /Users/keonta/Documents/GOLDEX\ AI\ copy\ 23/build

CreateBuildDirectory /Users/keonta/Library/Developer/Xcode/DerivedData/GOLDEX_AI-gsiylemkiinhfbctpmefkkodbqmv/SourcePackages/checkouts/xctest-dynamic-overlay/build
    cd /Users/keonta/Documents/GOLDEX\ AI\ copy\ 23/GOLDEX\ AI.xcodeproj
    builtin-create-build-directory /Users/keonta/Library/Developer/Xcode/DerivedData/GOLDEX_AI-gsiylemkiinhfbctpmefkkodbqmv/SourcePackages/checkouts/xctest-dynamic-overlay/build

CreateBuildDirectory /Users/keonta/Library/Developer/Xcode/DerivedData/GOLDEX_AI-gsiylemkiinhfbctpmefkkodbqmv/SourcePackages/checkouts/swift-http-types/build
    cd /Users/keonta/Documents/GOLDEX\ AI\ copy\ 23/GOLDEX\ AI.xcodeproj
    builtin-create-build-directory /Users/keonta/Library/Developer/Xcode/DerivedData/GOLDEX_AI-gsiylemkiinhfbctpmefkkodbqmv/SourcePackages/checkouts/swift-http-types/build

CreateBuildDirectory /Users/keonta/Library/Developer/Xcode/DerivedData/GOLDEX_AI-gsiylemkiinhfbctpmefkkodbqmv/SourcePackages/checkouts/swift-crypto/build
    cd /Users/keonta/Documents/GOLDEX\ AI\ copy\ 23/GOLDEX\ AI.xcodeproj
    builtin-create-build-directory /Users/keonta/Library/Developer/Xcode/DerivedData/GOLDEX_AI-gsiylemkiinhfbctpmefkkodbqmv/SourcePackages/checkouts/swift-crypto/build

CreateBuildDirectory /Users/keonta/Library/Developer/Xcode/DerivedData/GOLDEX_AI-gsiylemkiinhfbctpmefkkodbqmv/SourcePackages/checkouts/swift-concurrency-extras/build
    cd /Users/keonta/Documents/GOLDEX\ AI\ copy\ 23/GOLDEX\ AI.xcodeproj
    builtin-create-build-directory /Users/keonta/Library/Developer/Xcode/DerivedData/GOLDEX_AI-gsiylemkiinhfbctpmefkkodbqmv/SourcePackages/checkouts/swift-concurrency-extras/build

CreateBuildDirectory /Users/keonta/Library/Developer/Xcode/DerivedData/GOLDEX_AI-gsiylemkiinhfbctpmefkkodbqmv/SourcePackages/checkouts/supabase-swift/build
    cd /Users/keonta/Documents/GOLDEX\ AI\ copy\ 23/GOLDEX\ AI.xcodeproj
    builtin-create-build-directory /Users/keonta/Library/Developer/Xcode/DerivedData/GOLDEX_AI-gsiylemkiinhfbctpmefkkodbqmv/SourcePackages/checkouts/supabase-swift/build

CreateBuildDirectory /Users/keonta/Library/Developer/Xcode/DerivedData/GOLDEX_AI-gsiylemkiinhfbctpmefkkodbqmv/SourcePackages/checkouts/promises/build
    cd /Users/keonta/Documents/GOLDEX\ AI\ copy\ 23/GOLDEX\ AI.xcodeproj
    builtin-create-build-directory /Users/keonta/Library/Developer/Xcode/DerivedData/GOLDEX_AI-gsiylemkiinhfbctpmefkkodbqmv/SourcePackages/checkouts/promises/build

CreateBuildDirectory /Users/keonta/Library/Developer/Xcode/DerivedData/GOLDEX_AI-gsiylemkiinhfbctpmefkkodbqmv/SourcePackages/checkouts/swift-clocks/build
    cd /Users/keonta/Documents/GOLDEX\ AI\ copy\ 23/GOLDEX\ AI.xcodeproj
    builtin-create-build-directory /Users/keonta/Library/Developer/Xcode/DerivedData/GOLDEX_AI-gsiylemkiinhfbctpmefkkodbqmv/SourcePackages/checkouts/swift-clocks/build

CreateBuildDirectory /Users/keonta/Library/Developer/Xcode/DerivedData/GOLDEX_AI-gsiylemkiinhfbctpmefkkodbqmv/SourcePackages/checkouts/nanopb/build/Release-iphoneos
    cd /Users/keonta/Documents/GOLDEX\ AI\ copy\ 23/GOLDEX\ AI.xcodeproj
    builtin-create-build-directory /Users/keonta/Library/Developer/Xcode/DerivedData/GOLDEX_AI-gsiylemkiinhfbctpmefkkodbqmv/SourcePackages/checkouts/nanopb/build/Release-iphoneos
error: File exists but is not a directory: /Users/keonta/Library/Developer/Xcode/DerivedData/GOLDEX_AI-gsiylemkiinhfbctpmefkkodbqmv/SourcePackages/checkouts/nanopb/build

CreateBuildDirectory /Users/keonta/Library/Developer/Xcode/DerivedData/GOLDEX_AI-gsiylemkiinhfbctpmefkkodbqmv/SourcePackages/checkouts/nanopb/build/EagerLinkingTBDs/Release-iphoneos
    cd /Users/keonta/Documents/GOLDEX\ AI\ copy\ 23/GOLDEX\ AI.xcodeproj
    builtin-create-build-directory /Users/keonta/Library/Developer/Xcode/DerivedData/GOLDEX_AI-gsiylemkiinhfbctpmefkkodbqmv/SourcePackages/checkouts/nanopb/build/EagerLinkingTBDs/Release-iphoneos
error: File exists but is not a directory: /Users/keonta/Library/Developer/Xcode/DerivedData/GOLDEX_AI-gsiylemkiinhfbctpmefkkodbqmv/SourcePackages/checkouts/nanopb/build/EagerLinkingTBDs

CreateBuildDirectory /Users/keonta/Library/Developer/Xcode/DerivedData/GOLDEX_AI-gsiylemkiinhfbctpmefkkodbqmv/SourcePackages/checkouts/grpc-binary/build/Release-iphoneos
    cd /Users/keonta/Documents/GOLDEX\ AI\ copy\ 23/GOLDEX\ AI.xcodeproj
    builtin-create-build-directory /Users/keonta/Library/Developer/Xcode/DerivedData/GOLDEX_AI-gsiylemkiinhfbctpmefkkodbqmv/SourcePackages/checkouts/grpc-binary/build/Release-iphoneos

CreateBuildDirectory /Users/keonta/Library/Developer/Xcode/DerivedData/GOLDEX_AI-gsiylemkiinhfbctpmefkkodbqmv/SourcePackages/checkouts/google-ads-on-device-conversion-ios-sdk/build/Release-iphoneos
    cd /Users/keonta/Documents/GOLDEX\ AI\ copy\ 23/GOLDEX\ AI.xcodeproj
    builtin-create-build-directory /Users/keonta/Library/Developer/Xcode/DerivedData/GOLDEX_AI-gsiylemkiinhfbctpmefkkodbqmv/SourcePackages/checkouts/google-ads-on-device-conversion-ios-sdk/build/Release-iphoneos

CreateBuildDirectory /Users/keonta/Library/Developer/Xcode/DerivedData/GOLDEX_AI-gsiylemkiinhfbctpmefkkodbqmv/SourcePackages/checkouts/firebase-ios-sdk/build/Release-iphoneos
    cd /Users/keonta/Documents/GOLDEX\ AI\ copy\ 23/GOLDEX\ AI.xcodeproj
    builtin-create-build-directory /Users/keonta/Library/Developer/Xcode/DerivedData/GOLDEX_AI-gsiylemkiinhfbctpmefkkodbqmv/SourcePackages/checkouts/firebase-ios-sdk/build/Release-iphoneos

CreateBuildDirectory /Users/keonta/Library/Developer/Xcode/DerivedData/GOLDEX_AI-gsiylemkiinhfbctpmefkkodbqmv/SourcePackages/checkouts/GoogleUtilities/build/Release-iphoneos
    cd /Users/keonta/Documents/GOLDEX\ AI\ copy\ 23/GOLDEX\ AI.xcodeproj
    builtin-create-build-directory /Users/keonta/Library/Developer/Xcode/DerivedData/GOLDEX_AI-gsiylemkiinhfbctpmefkkodbqmv/SourcePackages/checkouts/GoogleUtilities/build/Release-iphoneos

CreateBuildDirectory /Users/keonta/Documents/GOLDEX\ AI\ copy\ 23/build/Release-iphoneos
    cd /Users/keonta/Documents/GOLDEX\ AI\ copy\ 23/GOLDEX\ AI.xcodeproj
    builtin-create-build-directory /Users/keonta/Documents/GOLDEX\ AI\ copy\ 23/build/Release-iphoneos

CreateBuildDirectory /Users/keonta/Library/Developer/Xcode/DerivedData/GOLDEX_AI-gsiylemkiinhfbctpmefkkodbqmv/SourcePackages/checkouts/leveldb/build/Release-iphoneos
    cd /Users/keonta/Documents/GOLDEX\ AI\ copy\ 23/GOLDEX\ AI.xcodeproj
    builtin-create-build-directory /Users/keonta/Library/Developer/Xcode/DerivedData/GOLDEX_AI-gsiylemkiinhfbctpmefkkodbqmv/SourcePackages/checkouts/leveldb/build/Release-iphoneos

CreateBuildDirectory /Users/keonta/Library/Developer/Xcode/DerivedData/GOLDEX_AI-gsiylemkiinhfbctpmefkkodbqmv/SourcePackages/checkouts/xctest-dynamic-overlay/build/Release-iphoneos
    cd /Users/keonta/Documents/GOLDEX\ AI\ copy\ 23/GOLDEX\ AI.xcodeproj
    builtin-create-build-directory /Users/keonta/Library/Developer/Xcode/DerivedData/GOLDEX_AI-gsiylemkiinhfbctpmefkkodbqmv/SourcePackages/checkouts/xctest-dynamic-overlay/build/Release-iphoneos

CreateBuildDirectory /Users/keonta/Library/Developer/Xcode/DerivedData/GOLDEX_AI-gsiylemkiinhfbctpmefkkodbqmv/SourcePackages/checkouts/grpc-binary/build/EagerLinkingTBDs/Release-iphoneos
    cd /Users/keonta/Documents/GOLDEX\ AI\ copy\ 23/GOLDEX\ AI.xcodeproj
    builtin-create-build-directory /Users/keonta/Library/Developer/Xcode/DerivedData/GOLDEX_AI-gsiylemkiinhfbctpmefkkodbqmv/SourcePackages/checkouts/grpc-binary/build/EagerLinkingTBDs/Release-iphoneos

CreateBuildDirectory /Users/keonta/Library/Developer/Xcode/DerivedData/GOLDEX_AI-gsiylemkiinhfbctpmefkkodbqmv/SourcePackages/checkouts/firebase-ios-sdk/build/EagerLinkingTBDs/Release-iphoneos
    cd /Users/keonta/Documents/GOLDEX\ AI\ copy\ 23/GOLDEX\ AI.xcodeproj
    builtin-create-build-directory /Users/keonta/Library/Developer/Xcode/DerivedData/GOLDEX_AI-gsiylemkiinhfbctpmefkkodbqmv/SourcePackages/checkouts/firebase-ios-sdk/build/EagerLinkingTBDs/Release-iphoneos

CreateBuildDirectory /Users/keonta/Library/Developer/Xcode/DerivedData/GOLDEX_AI-gsiylemkiinhfbctpmefkkodbqmv/SourcePackages/checkouts/GoogleUtilities/build/EagerLinkingTBDs/Release-iphoneos
    cd /Users/keonta/Documents/GOLDEX\ AI\ copy\ 23/GOLDEX\ AI.xcodeproj
    builtin-create-build-directory /Users/keonta/Library/Developer/Xcode/DerivedData/GOLDEX_AI-gsiylemkiinhfbctpmefkkodbqmv/SourcePackages/checkouts/GoogleUtilities/build/EagerLinkingTBDs/Release-iphoneos

CreateBuildDirectory /Users/keonta/Documents/GOLDEX\ AI\ copy\ 23/build/EagerLinkingTBDs/Release-iphoneos
    cd /Users/keonta/Documents/GOLDEX\ AI\ copy\ 23/GOLDEX\ AI.xcodeproj
    builtin-create-build-directory /Users/keonta/Documents/GOLDEX\ AI\ copy\ 23/build/EagerLinkingTBDs/Release-iphoneos

CreateBuildDirectory /Users/keonta/Library/Developer/Xcode/DerivedData/GOLDEX_AI-gsiylemkiinhfbctpmefkkodbqmv/SourcePackages/checkouts/google-ads-on-device-conversion-ios-sdk/build/EagerLinkingTBDs/Release-iphoneos
    cd /Users/keonta/Documents/GOLDEX\ AI\ copy\ 23/GOLDEX\ AI.xcodeproj
    builtin-create-build-directory /Users/keonta/Library/Developer/Xcode/DerivedData/GOLDEX_AI-gsiylemkiinhfbctpmefkkodbqmv/SourcePackages/checkouts/google-ads-on-device-conversion-ios-sdk/build/EagerLinkingTBDs/Release-iphoneos

WriteAuxiliaryFile /Users/keonta/Documents/GOLDEX\ AI\ copy\ 23/build/GOLDEX\ AI.build/Release-iphoneos/GOLDEX\ AI-29985aacab67e41691f8714b7079d335-VFS-iphoneos/all-product-headers.yaml
    cd /Users/keonta/Documents/GOLDEX\ AI\ copy\ 23/GOLDEX\ AI.xcodeproj
    write-file /Users/keonta/Documents/GOLDEX\ AI\ copy\ 23/build/GOLDEX\ AI.build/Release-iphoneos/GOLDEX\ AI-29985aacab67e41691f8714b7079d335-VFS-iphoneos/all-product-headers.yaml

CreateBuildDirectory /Users/keonta/Library/Developer/Xcode/DerivedData/GOLDEX_AI-gsiylemkiinhfbctpmefkkodbqmv/SourcePackages/checkouts/swift-http-types/build/Release-iphoneos
    cd /Users/keonta/Documents/GOLDEX\ AI\ copy\ 23/GOLDEX\ AI.xcodeproj
    builtin-create-build-directory /Users/keonta/Library/Developer/Xcode/DerivedData/GOLDEX_AI-gsiylemkiinhfbctpmefkkodbqmv/SourcePackages/checkouts/swift-http-types/build/Release-iphoneos

CreateBuildDirectory /Users/keonta/Library/Developer/Xcode/DerivedData/GOLDEX_AI-gsiylemkiinhfbctpmefkkodbqmv/SourcePackages/checkouts/swift-crypto/build/Release-iphoneos
    cd /Users/keonta/Documents/GOLDEX\ AI\ copy\ 23/GOLDEX\ AI.xcodeproj
    builtin-create-build-directory /Users/keonta/Library/Developer/Xcode/DerivedData/GOLDEX_AI-gsiylemkiinhfbctpmefkkodbqmv/SourcePackages/checkouts/swift-crypto/build/Release-iphoneos

CreateBuildDirectory /Users/keonta/Library/Developer/Xcode/DerivedData/GOLDEX_AI-gsiylemkiinhfbctpmefkkodbqmv/SourcePackages/checkouts/xctest-dynamic-overlay/build/EagerLinkingTBDs/Release-iphoneos
    cd /Users/keonta/Documents/GOLDEX\ AI\ copy\ 23/GOLDEX\ AI.xcodeproj
    builtin-create-build-directory /Users/keonta/Library/Developer/Xcode/DerivedData/GOLDEX_AI-gsiylemkiinhfbctpmefkkodbqmv/SourcePackages/checkouts/xctest-dynamic-overlay/build/EagerLinkingTBDs/Release-iphoneos

CreateBuildDirectory /Users/keonta/Library/Developer/Xcode/DerivedData/GOLDEX_AI-gsiylemkiinhfbctpmefkkodbqmv/SourcePackages/checkouts/swift-http-types/build/EagerLinkingTBDs/Release-iphoneos
    cd /Users/keonta/Documents/GOLDEX\ AI\ copy\ 23/GOLDEX\ AI.xcodeproj
    builtin-create-build-directory /Users/keonta/Library/Developer/Xcode/DerivedData/GOLDEX_AI-gsiylemkiinhfbctpmefkkodbqmv/SourcePackages/checkouts/swift-http-types/build/EagerLinkingTBDs/Release-iphoneos

CreateBuildDirectory /Users/keonta/Library/Developer/Xcode/DerivedData/GOLDEX_AI-gsiylemkiinhfbctpmefkkodbqmv/SourcePackages/checkouts/swift-crypto/build/EagerLinkingTBDs/Release-iphoneos
    cd /Users/keonta/Documents/GOLDEX\ AI\ copy\ 23/GOLDEX\ AI.xcodeproj
    builtin-create-build-directory /Users/keonta/Library/Developer/Xcode/DerivedData/GOLDEX_AI-gsiylemkiinhfbctpmefkkodbqmv/SourcePackages/checkouts/swift-crypto/build/EagerLinkingTBDs/Release-iphoneos

CreateBuildDirectory /Users/keonta/Library/Developer/Xcode/DerivedData/GOLDEX_AI-gsiylemkiinhfbctpmefkkodbqmv/SourcePackages/checkouts/swift-concurrency-extras/build/Release-iphoneos
    cd /Users/keonta/Documents/GOLDEX\ AI\ copy\ 23/GOLDEX\ AI.xcodeproj
    builtin-create-build-directory /Users/keonta/Library/Developer/Xcode/DerivedData/GOLDEX_AI-gsiylemkiinhfbctpmefkkodbqmv/SourcePackages/checkouts/swift-concurrency-extras/build/Release-iphoneos

CreateBuildDirectory /Users/keonta/Library/Developer/Xcode/DerivedData/GOLDEX_AI-gsiylemkiinhfbctpmefkkodbqmv/SourcePackages/checkouts/swift-concurrency-extras/build/EagerLinkingTBDs/Release-iphoneos
    cd /Users/keonta/Documents/GOLDEX\ AI\ copy\ 23/GOLDEX\ AI.xcodeproj
    builtin-create-build-directory /Users/keonta/Library/Developer/Xcode/DerivedData/GOLDEX_AI-gsiylemkiinhfbctpmefkkodbqmv/SourcePackages/checkouts/swift-concurrency-extras/build/EagerLinkingTBDs/Release-iphoneos

CreateBuildDirectory /Users/keonta/Library/Developer/Xcode/DerivedData/GOLDEX_AI-gsiylemkiinhfbctpmefkkodbqmv/SourcePackages/checkouts/swift-clocks/build/Release-iphoneos
    cd /Users/keonta/Documents/GOLDEX\ AI\ copy\ 23/GOLDEX\ AI.xcodeproj
    builtin-create-build-directory /Users/keonta/Library/Developer/Xcode/DerivedData/GOLDEX_AI-gsiylemkiinhfbctpmefkkodbqmv/SourcePackages/checkouts/swift-clocks/build/Release-iphoneos

CreateBuildDirectory /Users/keonta/Library/Developer/Xcode/DerivedData/GOLDEX_AI-gsiylemkiinhfbctpmefkkodbqmv/SourcePackages/checkouts/swift-clocks/build/EagerLinkingTBDs/Release-iphoneos
    cd /Users/keonta/Documents/GOLDEX\ AI\ copy\ 23/GOLDEX\ AI.xcodeproj
    builtin-create-build-directory /Users/keonta/Library/Developer/Xcode/DerivedData/GOLDEX_AI-gsiylemkiinhfbctpmefkkodbqmv/SourcePackages/checkouts/swift-clocks/build/EagerLinkingTBDs/Release-iphoneos

CreateBuildDirectory /Users/keonta/Library/Developer/Xcode/DerivedData/GOLDEX_AI-gsiylemkiinhfbctpmefkkodbqmv/SourcePackages/checkouts/supabase-swift/build/Release-iphoneos
    cd /Users/keonta/Documents/GOLDEX\ AI\ copy\ 23/GOLDEX\ AI.xcodeproj
    builtin-create-build-directory /Users/keonta/Library/Developer/Xcode/DerivedData/GOLDEX_AI-gsiylemkiinhfbctpmefkkodbqmv/SourcePackages/checkouts/supabase-swift/build/Release-iphoneos

CreateBuildDirectory /Users/keonta/Library/Developer/Xcode/DerivedData/GOLDEX_AI-gsiylemkiinhfbctpmefkkodbqmv/SourcePackages/checkouts/promises/build/Release-iphoneos
    cd /Users/keonta/Documents/GOLDEX\ AI\ copy\ 23/GOLDEX\ AI.xcodeproj
    builtin-create-build-directory /Users/keonta/Library/Developer/Xcode/DerivedData/GOLDEX_AI-gsiylemkiinhfbctpmefkkodbqmv/SourcePackages/checkouts/promises/build/Release-iphoneos

CreateBuildDirectory /Users/keonta/Library/Developer/Xcode/DerivedData/GOLDEX_AI-gsiylemkiinhfbctpmefkkodbqmv/SourcePackages/checkouts/supabase-swift/build/EagerLinkingTBDs/Release-iphoneos
    cd /Users/keonta/Documents/GOLDEX\ AI\ copy\ 23/GOLDEX\ AI.xcodeproj
    builtin-create-build-directory /Users/keonta/Library/Developer/Xcode/DerivedData/GOLDEX_AI-gsiylemkiinhfbctpmefkkodbqmv/SourcePackages/checkouts/supabase-swift/build/EagerLinkingTBDs/Release-iphoneos

CreateBuildDirectory /Users/keonta/Library/Developer/Xcode/DerivedData/GOLDEX_AI-gsiylemkiinhfbctpmefkkodbqmv/SourcePackages/checkouts/promises/build/EagerLinkingTBDs/Release-iphoneos
    cd /Users/keonta/Documents/GOLDEX\ AI\ copy\ 23/GOLDEX\ AI.xcodeproj
    builtin-create-build-directory /Users/keonta/Library/Developer/Xcode/DerivedData/GOLDEX_AI-gsiylemkiinhfbctpmefkkodbqmv/SourcePackages/checkouts/promises/build/EagerLinkingTBDs/Release-iphoneos

CreateBuildDirectory /Users/keonta/Library/Developer/Xcode/DerivedData/GOLDEX_AI-gsiylemkiinhfbctpmefkkodbqmv/SourcePackages/checkouts/interop-ios-for-google-sdks/build/Release-iphoneos
    cd /Users/keonta/Documents/GOLDEX\ AI\ copy\ 23/GOLDEX\ AI.xcodeproj
    builtin-create-build-directory /Users/keonta/Library/Developer/Xcode/DerivedData/GOLDEX_AI-gsiylemkiinhfbctpmefkkodbqmv/SourcePackages/checkouts/interop-ios-for-google-sdks/build/Release-iphoneos

CreateBuildDirectory /Users/keonta/Library/Developer/Xcode/DerivedData/GOLDEX_AI-gsiylemkiinhfbctpmefkkodbqmv/SourcePackages/checkouts/leveldb/build/EagerLinkingTBDs/Release-iphoneos
    cd /Users/keonta/Documents/GOLDEX\ AI\ copy\ 23/GOLDEX\ AI.xcodeproj
    builtin-create-build-directory /Users/keonta/Library/Developer/Xcode/DerivedData/GOLDEX_AI-gsiylemkiinhfbctpmefkkodbqmv/SourcePackages/checkouts/leveldb/build/EagerLinkingTBDs/Release-iphoneos

CreateBuildDirectory /Users/keonta/Library/Developer/Xcode/DerivedData/GOLDEX_AI-gsiylemkiinhfbctpmefkkodbqmv/SourcePackages/checkouts/interop-ios-for-google-sdks/build/EagerLinkingTBDs/Release-iphoneos
    cd /Users/keonta/Documents/GOLDEX\ AI\ copy\ 23/GOLDEX\ AI.xcodeproj
    builtin-create-build-directory /Users/keonta/Library/Developer/Xcode/DerivedData/GOLDEX_AI-gsiylemkiinhfbctpmefkkodbqmv/SourcePackages/checkouts/interop-ios-for-google-sdks/build/EagerLinkingTBDs/Release-iphoneos

warning: no rule to process file '/Users/keonta/Documents/GOLDEX AI copy 23/GOLDEX AI/Text File/File 16.txt' of type 'text' for architecture 'arm64' (in target 'GOLDEX AI' from project 'GOLDEX AI')
warning: no rule to process file '/Users/keonta/Documents/GOLDEX AI copy 23/GOLDEX AI/Text File/File 13.txt' of type 'text' for architecture 'arm64' (in target 'GOLDEX AI' from project 'GOLDEX AI')
warning: no rule to process file '/Users/keonta/Documents/GOLDEX AI copy 23/GOLDEX AI/Text File/File 23.txt' of type 'text' for architecture 'arm64' (in target 'GOLDEX AI' from project 'GOLDEX AI')
warning: no rule to process file '/Users/keonta/Documents/GOLDEX AI copy 23/GOLDEX AI/Text File/File 10.txt' of type 'text' for architecture 'arm64' (in target 'GOLDEX AI' from project 'GOLDEX AI')
warning: no rule to process file '/Users/keonta/Documents/GOLDEX AI copy 23/GOLDEX AI/Text File/File 12.txt' of type 'text' for architecture 'arm64' (in target 'GOLDEX AI' from project 'GOLDEX AI')
warning: The Swift file "/Users/keonta/Documents/GOLDEX AI copy 23/GOLDEX AI/Utilities/GoldexAIAPI.swift" cannot be processed by a Copy Bundle Resources build phase (in target 'GOLDEX AI' from project 'GOLDEX AI')
